2023-07-14 10:39:37,341 - ERROR - [Errno 2] No such file or directory: 'scriptfiles/sports/equipment/Football_equipment_content.csv' Football
2023-07-14 10:42:34,458 - ERROR - [Errno 2] No such file or directory: 'scriptfiles/sports/equipment/Football_equipment_content.csv' Football
2023-07-14 10:44:32,351 - ERROR - [Errno 2] No such file or directory: 'scriptfiles/sports/equipment/Football_equipment_content.csv' Football
2023-07-14 10:44:52,987 - ERROR - [Errno 2] No such file or directory: 'scriptfiles/sports/equipment/Football_equipment_content.csv' Football
2023-07-14 10:46:48,031 - ERROR - [Errno 2] No such file or directory: 'scriptfiles/sports/equipment/Football_equipment_content.csv' Football
2023-07-14 10:46:56,361 - ERROR - [Errno 2] No such file or directory: 'scriptfiles/sports/equipment/Basketball_equipment_content.csv' Basketball
2023-07-14 10:56:03,333 - ERROR - [Errno 2] No such file or directory: 'scriptfiles/sports/equipment/Football_equipment_content.csv' Football
2023-07-14 10:56:55,113 - ERROR - [Errno 2] No such file or directory: 'scriptfiles/sports/equipment/Football_equipment_content.csv' Football
2023-07-14 10:58:24,909 - ERROR - [Errno 2] No such file or directory: 'scriptfiles/sports/equipment/Football_equipment_content.csv' Football
2023-07-14 10:58:28,263 - ERROR - [Errno 2] No such file or directory: 'scriptfiles/sports/equipment/Basketball_equipment_content.csv' Basketball
2023-07-14 10:58:34,342 - ERROR - [Errno 2] No such file or directory: 'scriptfiles/sports/equipment/Baseball_equipment_content.csv' Baseball
2023-07-14 10:58:37,598 - ERROR - [Errno 2] No such file or directory: 'scriptfiles/sports/equipment/Soccer_equipment_content.csv' Soccer
2023-07-14 10:58:41,845 - ERROR - [Errno 2] No such file or directory: 'scriptfiles/sports/equipment/Hockey_equipment_content.csv' Hockey
2023-07-14 10:58:49,297 - ERROR - [Errno 2] No such file or directory: 'scriptfiles/sports/equipment/Golf_equipment_content.csv' Golf
2023-07-14 10:58:56,684 - ERROR - [Errno 2] No such file or directory: 'scriptfiles/sports/equipment/Tennis_equipment_content.csv' Tennis
2023-07-14 11:03:38,028 - ERROR - [Errno 2] No such file or directory: 'scriptfiles/sports/equipment/Football_equipment_content.csv' Football
2023-07-14 11:03:42,132 - ERROR - [Errno 2] No such file or directory: 'scriptfiles/sports/equipment/Basketball_equipment_content.csv' Basketball
2023-07-14 11:03:47,928 - ERROR - [Errno 2] No such file or directory: 'scriptfiles/sports/equipment/Baseball_equipment_content.csv' Baseball
2023-07-14 11:03:58,095 - ERROR - [Errno 2] No such file or directory: 'scriptfiles/sports/equipment/Soccer_equipment_content.csv' Soccer
2023-07-14 11:04:00,973 - ERROR - [Errno 2] No such file or directory: 'scriptfiles/sports/equipment/Hockey_equipment_content.csv' Hockey
2023-07-14 11:04:05,601 - ERROR - [Errno 2] No such file or directory: 'scriptfiles/sports/equipment/Golf_equipment_content.csv' Golf
2023-07-14 11:04:17,532 - ERROR - [Errno 2] No such file or directory: 'scriptfiles/sports/equipment/Tennis_equipment_content.csv' Tennis
2023-07-14 11:04:25,575 - ERROR - [Errno 2] No such file or directory: 'scriptfiles/sports/equipment/Track and Field_equipment_content.csv' Track and Field
2023-07-14 11:04:28,890 - ERROR - [Errno 2] No such file or directory: 'scriptfiles/sports/equipment/Swimming_equipment_content.csv' Swimming
2023-07-14 11:04:35,284 - ERROR - [Errno 2] No such file or directory: 'scriptfiles/sports/equipment/Volleyball_equipment_content.csv' Volleyball
2023-07-14 11:04:44,370 - ERROR - [Errno 2] No such file or directory: 'scriptfiles/sports/equipment/Wrestling._equipment_content.csv' Wrestling.
